<?xml version="1.0" encoding="UTF-8"?>
<beans xmlns="http://www.springframework.org/schema/beans"
       xmlns:xsi="http://www.w3.org/2001/XMLSchema-instance"
       xsi:schemaLocation="http://www.springframework.org/schema/beans
            http://www.springframework.org/schema/beans/spring-beans.xsd">

    <bean id="dataSource" class="org.springframework.jdbc.datasource.SimpleDriverDataSource">
        <property name="driverClass" value="com.mysql.jdbc.Driver"/>
        <property name="url" value="jdbc:mysql://localhost/springtestdb"/>
        <property name="username" value="hyunbogi"/>
        <property name="password" value="aaa12345"/>
    </bean>

    <bean id="userDao" class="com.hyunbogi.spring.dao.UserDaoJdbc">
        <property name="dataSource" ref="dataSource"/>
    </bean>

    <bean id="transactionManager" class="org.springframework.jdbc.datasource.DataSourceTransactionManager">
        <property name="dataSource" ref="dataSource"/>
    </bean>

    <bean id="mailSender" class="com.hyunbogi.spring.mock.MockMailSender"/>

    <bean id="userService" class="com.hyunbogi.spring.service.tx.UserServiceTx">
        <property name="userService" ref="userServiceImpl"/>
        <property name="transactionManager" ref="transactionManager"/>
    </bean>

    <bean id="userServiceImpl" class="com.hyunbogi.spring.service.UserServiceImpl">
        <property name="userDao" ref="userDao"/>
        <property name="mailSender" ref="mailSender"/>
    </bean>
</beans>
